xxxxxxxxxxxxxxxxxxxxxxxxxxxxxxxxxxxxxxxxxxxxx
x                                           x
x   oo ooooo o  o ooo oooo oooo ooo o  ooo  x
x o oooo  oo  oo oooo oooo   ooo o ooooooo  x
x   oooo   o  oooooooo  o   ooooo oo  oo oo x
x oo oo   o oo o ooooo  ooo o  oo o o ooooo x
x o  ooo  oo  oooooo ooooo oo o  ooooooo  o x
x o oooooo  o oooo ooooooo ooo ooo o ooo oo x
x oooooo oooo  o o o  oo oooooooooooooooooo x
x o oooooo oo ooooooo   oo  oooo o oooooooo x
x ooooooooooo ooooooo o o o oooo  oooo oooo x
x oo oo  ooooooooo oo o oo oooooo  ooooo o  x
x  oo o ooooo   ooo  oooooo ooo oo  oooo o  x
x  ooo oo ooo oooo  ooooooooo oo oo ooo ooo x
x ooo ooooooo o o ooooooo    oooo  oooooooo x
x oo    ooooo ooo   oo oo   ooo ooooooooooo x
x  ooo  oo o ooo  oo o   o  o ooo  oo ooooo x
x  ooo  oo   o oo o oooooooooo oo ooo ooooo x
x                                           x
x                   .                       x
x                                           x
x                                           x
x                     -                     x
